0 info it worked if it ends with ok
1 verbose cli [ '/usr/local/bin/node', '/usr/local/bin/npm', 'run', 'test' ]
2 info using npm@3.7.3
3 info using node@v5.9.1
4 verbose run-script [ 'pretest', 'test', 'posttest' ]
5 info lifecycle xecmascript@0.0.0~pretest: xecmascript@0.0.0
6 silly lifecycle xecmascript@0.0.0~pretest: no script for pretest, continuing
7 info lifecycle xecmascript@0.0.0~test: xecmascript@0.0.0
8 verbose lifecycle xecmascript@0.0.0~test: unsafe-perm in lifecycle true
9 verbose lifecycle xecmascript@0.0.0~test: PATH: /usr/local/lib/node_modules/npm/bin/node-gyp-bin:/Users/zacharyryansmith/Code/exercism/ecmascript/gigasecond/node_modules/.bin:/usr/local/bin:/Library/Frameworks/Python.framework/Versions/2.7/bin:/Users/zacharyryansmith/.rvm/gems/ruby-2.2.1/bin:/Users/zacharyryansmith/.rvm/gems/ruby-2.2.1@global/bin:/Users/zacharyryansmith/.rvm/rubies/ruby-2.2.1/bin:/Library/Frameworks/Python.framework/Versions/2.7/bin:/usr/local/bin:/usr/bin:/bin:/usr/sbin:/sbin:/usr/local/MacGPG2/bin:/Users/zacharyryansmith/.rvm/bin
10 verbose lifecycle xecmascript@0.0.0~test: CWD: /Users/zacharyryansmith/Code/exercism/ecmascript/gigasecond
11 silly lifecycle xecmascript@0.0.0~test: Args: [ '-c', 'gulp lint test' ]
12 silly lifecycle xecmascript@0.0.0~test: Returned: code: 1  signal: null
13 info lifecycle xecmascript@0.0.0~test: Failed to exec test script
14 verbose stack Error: xecmascript@0.0.0 test: `gulp lint test`
14 verbose stack Exit status 1
14 verbose stack     at EventEmitter.<anonymous> (/usr/local/lib/node_modules/npm/lib/utils/lifecycle.js:239:16)
14 verbose stack     at emitTwo (events.js:100:13)
14 verbose stack     at EventEmitter.emit (events.js:185:7)
14 verbose stack     at ChildProcess.<anonymous> (/usr/local/lib/node_modules/npm/lib/utils/spawn.js:24:14)
14 verbose stack     at emitTwo (events.js:100:13)
14 verbose stack     at ChildProcess.emit (events.js:185:7)
14 verbose stack     at maybeClose (internal/child_process.js:850:16)
14 verbose stack     at Process.ChildProcess._handle.onexit (internal/child_process.js:215:5)
15 verbose pkgid xecmascript@0.0.0
16 verbose cwd /Users/zacharyryansmith/Code/exercism/ecmascript/gigasecond
17 error Darwin 14.5.0
18 error argv "/usr/local/bin/node" "/usr/local/bin/npm" "run" "test"
19 error node v5.9.1
20 error npm  v3.7.3
21 error code ELIFECYCLE
22 error xecmascript@0.0.0 test: `gulp lint test`
22 error Exit status 1
23 error Failed at the xecmascript@0.0.0 test script 'gulp lint test'.
23 error Make sure you have the latest version of node.js and npm installed.
23 error If you do, this is most likely a problem with the xecmascript package,
23 error not with npm itself.
23 error Tell the author that this fails on your system:
23 error     gulp lint test
23 error You can get information on how to open an issue for this project with:
23 error     npm bugs xecmascript
23 error Or if that isn't available, you can get their info via:
23 error     npm owner ls xecmascript
23 error There is likely additional logging output above.
24 verbose exit [ 1, true ]
